<?xml version="1.0" encoding="UTF-8"?>
<!-- Generated by org.testng.reporters.JUnitReportReporter -->
<testsuite hostname="LAPTOP-DV541TO5" failures="0" tests="1" name="dtt.practise.ReadingDataFromXMLTest" time="0.011" errors="0" timestamp="2022-04-15T17:21:40 IST" skipped="0">
  <testcase classname="dtt.practise.ReadingDataFromXMLTest" name="ReadingDataFromxmlTest" time="0.011"/>
  <system-out/>
</testsuite> <!-- dtt.practise.ReadingDataFromXMLTest -->
