<?xml version="1.0" encoding="UTF-8"?>
<!-- Generated by org.testng.reporters.JUnitReportReporter -->
<testsuite hostname="LAPTOP-DV541TO5" failures="0" tests="1" name="dtt.practise.ReaddatafromExcel" time="1.835" errors="0" timestamp="2022-04-18T10:07:44 IST" skipped="0">
  <testcase classname="dtt.practise.ReaddatafromExcel" name="readdatafromexcel" time="1.835"/>
  <system-out/>
</testsuite> <!-- dtt.practise.ReaddatafromExcel -->
