<?xml version="1.0" encoding="UTF-8"?>
<!-- Generated by org.testng.reporters.JUnitReportReporter -->
<testsuite hostname="LAPTOP-DV541TO5" failures="0" tests="1" name="com.vtiger.Generic.FakerTestCase_14" time="53.427" errors="0" timestamp="2022-04-25T17:59:32 IST" skipped="0">
  <testcase classname="com.vtiger.Generic.FakerTestCase_14" name="firstName" time="53.427"/>
  <system-out/>
</testsuite> <!-- com.vtiger.Generic.FakerTestCase_14 -->
