<?xml version="1.0" encoding="UTF-8"?>
<!-- Generated by org.testng.reporters.JUnitReportReporter -->
<testsuite hostname="LAPTOP-DV541TO5" failures="0" tests="1" name="JDBC.practise.ExecuteUpdateTest" time="0.382" errors="0" timestamp="2022-04-19T17:01:06 IST" skipped="0">
  <testcase classname="JDBC.practise.ExecuteUpdateTest" name="executeupdatetest" time="0.382"/>
  <system-out/>
</testsuite> <!-- JDBC.practise.ExecuteUpdateTest -->
