<?xml version="1.0" encoding="UTF-8"?>
<!-- Generated by org.testng.reporters.JUnitReportReporter -->
<testsuite hostname="LAPTOP-DV541TO5" failures="0" tests="1" name="com.vtiger.Generic.TestData" time="36.463" errors="0" timestamp="2022-04-25T15:35:26 IST" skipped="0">
  <testcase classname="com.vtiger.Generic.TestData" name="getFirstName" time="36.463"/>
  <system-out/>
</testsuite> <!-- com.vtiger.Generic.TestData -->
