<?xml version="1.0" encoding="UTF-8"?>
<!-- Generated by org.testng.reporters.JUnitReportReporter -->
<testsuite hostname="LAPTOP-DV541TO5" failures="0" tests="1" name="dtt.practise.ReadDtafromjson" time="0.020" errors="0" timestamp="2022-04-17T22:04:00 IST" skipped="0">
  <testcase classname="dtt.practise.ReadDtafromjson" name="readdatafromjson" time="0.020"/>
  <system-out/>
</testsuite> <!-- dtt.practise.ReadDtafromjson -->
