<?xml version="1.0" encoding="UTF-8"?>
<!-- Generated by org.testng.reporters.JUnitReportReporter -->
<testsuite hostname="LAPTOP-DV541TO5" failures="0" tests="1" name="dtt.practise.ReadingDataFromPropertiesFile" time="0.011" errors="0" timestamp="2022-04-15T17:00:33 IST" skipped="0">
  <testcase classname="dtt.practise.ReadingDataFromPropertiesFile" name="readdatatest" time="0.011"/>
  <system-out/>
</testsuite> <!-- dtt.practise.ReadingDataFromPropertiesFile -->
