<?xml version="1.0" encoding="UTF-8"?>
<!-- Generated by org.testng.reporters.JUnitReportReporter -->
<testsuite hostname="LAPTOP-DV541TO5" failures="0" tests="1" name="dtt.practise.ReadingDataFromProperties" time="0.011" errors="0" timestamp="2022-04-17T20:44:01 IST" skipped="0">
  <testcase classname="dtt.practise.ReadingDataFromProperties" name="ReadingDataProperties" time="0.011"/>
  <system-out/>
</testsuite> <!-- dtt.practise.ReadingDataFromProperties -->
