<?xml version="1.0" encoding="UTF-8"?>
<!-- Generated by org.testng.reporters.JUnitReportReporter -->
<testsuite hostname="LAPTOP-DV541TO5" failures="0" tests="1" name="JDBC.practise.ExecuteQueryTest" time="0.352" errors="0" timestamp="2022-04-19T16:01:29 IST" skipped="0">
  <testcase classname="JDBC.practise.ExecuteQueryTest" name="Executequerytest" time="0.352"/>
  <system-out/>
</testsuite> <!-- JDBC.practise.ExecuteQueryTest -->
