<?xml version="1.0" encoding="UTF-8"?>
<!-- Generated by org.testng.reporters.JUnitReportReporter -->
<testsuite hostname="LAPTOP-DV541TO5" failures="0" tests="1" name="dtt.practise.ReadingdatafromXML" time="0.012" errors="0" timestamp="2022-04-17T21:47:33 IST" skipped="0">
  <testcase classname="dtt.practise.ReadingdatafromXML" name="ReadXml" time="0.012"/>
  <system-out/>
</testsuite> <!-- dtt.practise.ReadingdatafromXML -->
