<?xml version="1.0" encoding="UTF-8"?>
<!-- Generated by org.testng.reporters.JUnitReportReporter -->
<testsuite hostname="LAPTOP-DV541TO5" failures="0" tests="1" name="com.vtiger.practise.BrowserLaunch" time="21.451" errors="0" timestamp="2022-04-25T13:48:53 IST" skipped="0">
  <testcase classname="com.vtiger.practise.BrowserLaunch" name="drivermanager" time="21.451"/>
  <system-out/>
</testsuite> <!-- com.vtiger.practise.BrowserLaunch -->
