<?xml version="1.0" encoding="UTF-8"?>
<!-- Generated by org.testng.reporters.JUnitReportReporter -->
<testsuite hostname="LAPTOP-DV541TO5" failures="0" tests="1" name="dtt.practise.ReadDataFromJasonTest" time="0.017" errors="0" timestamp="2022-04-15T17:23:10 IST" skipped="0">
  <testcase classname="dtt.practise.ReadDataFromJasonTest" name="Readdatafromjsontest" time="0.017"/>
  <system-out/>
</testsuite> <!-- dtt.practise.ReadDataFromJasonTest -->
